<?xml version="1.0" encoding="UTF-8"?>
<!-- Generated by org.testng.reporters.JUnitReportReporter -->
<testsuite hostname="Bhavi" failures="0" tests="1" name="com.examples.Q3" time="7.367" errors="0" timestamp="2025-08-28T12:06:48 IST" skipped="0">
  <testcase classname="com.examples.Q3" name="Search" time="7.367"/>
</testsuite> <!-- com.examples.Q3 -->
