<?xml version="1.0" encoding="UTF-8"?>
<!-- Generated by org.testng.reporters.JUnitReportReporter -->
<testsuite hostname="Bhavi" failures="0" tests="2" name="com.examples.Q1" time="4.374" errors="0" timestamp="2025-08-28T11:26:54 IST" skipped="0">
  <testcase classname="com.examples.Q1" name="verificationtitle" time="1.742"/>
  <testcase classname="com.examples.Q1" name="verificationtitle" time="2.632"/>
</testsuite> <!-- com.examples.Q1 -->
