<?xml version="1.0" encoding="UTF-8"?>
<!-- Generated by org.testng.reporters.JUnitReportReporter -->
<testsuite hostname="Bhavi" failures="0" tests="1" name="com.examples.Q9" time="3.030" errors="0" timestamp="2025-08-28T11:35:54 IST" skipped="0">
  <testcase classname="com.examples.Q9" name="Screenshot" time="3.030"/>
</testsuite> <!-- com.examples.Q9 -->
