<?xml version="1.0" encoding="UTF-8"?>
<!-- Generated by org.testng.reporters.JUnitReportReporter -->
<testsuite hostname="Bhavi" failures="0" tests="2" name="pac1.tg2" time="0.005" errors="0" timestamp="2025-08-23T15:15:14 IST" skipped="0">
  <testcase classname="pac1.tg2" name="f" time="0.002"/>
  <testcase classname="pac1.tg2" name="f" time="0.003"/>
</testsuite> <!-- pac1.tg2 -->
