<?xml version="1.0" encoding="UTF-8"?>
<!-- Generated by org.testng.reporters.JUnitReportReporter -->
<testsuite hostname="Bhavi" failures="0" tests="1" name="com.examples.Q7" time="5.809" errors="0" timestamp="2025-08-28T11:42:53 IST" skipped="0">
  <testcase classname="com.examples.Q7" name="f" time="5.809"/>
</testsuite> <!-- com.examples.Q7 -->
