<?xml version="1.0" encoding="UTF-8"?>
<!-- Generated by org.testng.reporters.JUnitReportReporter -->
<testsuite hostname="Bhavi" failures="0" tests="1" name="com.examples.Q4" time="2.402" errors="0" timestamp="2025-08-28T11:47:53 IST" skipped="0">
  <testcase classname="com.examples.Q4" name="Dropdown" time="2.402"/>
</testsuite> <!-- com.examples.Q4 -->
