<?xml version="1.0" encoding="UTF-8"?>
<!-- Generated by org.testng.reporters.JUnitReportReporter -->
<testsuite hostname="Bhavi" failures="0" tests="1" name="com.examples.Q2" time="5.929" errors="0" timestamp="2025-08-28T11:32:17 IST" skipped="0">
  <testcase classname="com.examples.Q2" name="Login" time="5.929"/>
</testsuite> <!-- com.examples.Q2 -->
