<?xml version="1.0" encoding="UTF-8"?>
<!-- Generated by org.testng.reporters.JUnitReportReporter -->
<testsuite hostname="Bhavi" failures="0" tests="1" name="com.examples.Q5" time="5.393" errors="0" timestamp="2025-08-28T11:46:25 IST" skipped="0">
  <testcase classname="com.examples.Q5" name="f" time="5.393"/>
</testsuite> <!-- com.examples.Q5 -->
