<?xml version="1.0" encoding="UTF-8"?>
<!-- Generated by org.testng.reporters.JUnitReportReporter -->
<testsuite hostname="Bhavi" failures="0" tests="1" name="com.examples.Q6" time="4.871" errors="0" timestamp="2025-08-28T11:45:15 IST" skipped="0">
  <testcase classname="com.examples.Q6" name="f" time="4.871"/>
</testsuite> <!-- com.examples.Q6 -->
