<?xml version="1.0" encoding="UTF-8"?>
<!-- Generated by org.testng.reporters.JUnitReportReporter -->
<testsuite hostname="Bhavi" failures="0" tests="1" name="pac1.TC0013" time="2.956" errors="0" timestamp="2025-08-23T15:15:14 IST" skipped="0">
  <testcase classname="pac1.TC0013" name="test1" time="2.956"/>
</testsuite> <!-- pac1.TC0013 -->
