<?xml version="1.0" encoding="UTF-8"?>
<!-- Generated by org.testng.reporters.JUnitReportReporter -->
<testsuite hostname="Bhavi" failures="0" tests="1" name="com.examples.Q8" time="7.767" errors="0" timestamp="2025-08-28T11:38:55 IST" skipped="0">
  <testcase classname="com.examples.Q8" name="f" time="7.767"/>
</testsuite> <!-- com.examples.Q8 -->
